The system is: Linux - 5.13.0-51-generic - x86_64
Compiling the C compiler identification source file "CMakeCCompilerId.c" succeeded.
Compiler: /home/pibs/.local/opt/zephyr-sdk-0.14.1/arm-zephyr-eabi/bin/arm-zephyr-eabi-gcc 
Build flags: 
Id flags: -c 

The output was:
0


Compilation of the C compiler identification source "CMakeCCompilerId.c" produced "CMakeCCompilerId.o"

The C compiler identification is GNU, found in "/home/pibs/workspace/trekking/firmware/RPI_PICO/build/bootloader/CMakeFiles/3.23.2/CompilerIdC/CMakeCCompilerId.o"

Compiling the CXX compiler identification source file "CMakeCXXCompilerId.cpp" succeeded.
Compiler: /home/pibs/.local/opt/zephyr-sdk-0.14.1/arm-zephyr-eabi/bin/arm-zephyr-eabi-c++ 
Build flags: 
Id flags: -c 

The output was:
0


Compilation of the CXX compiler identification source "CMakeCXXCompilerId.cpp" produced "CMakeCXXCompilerId.o"

The CXX compiler identification is GNU, found in "/home/pibs/workspace/trekking/firmware/RPI_PICO/build/bootloader/CMakeFiles/3.23.2/CompilerIdCXX/CMakeCXXCompilerId.o"

Detecting C compiler ABI info compiled with the following output:
Change Dir: /home/pibs/workspace/trekking/firmware/RPI_PICO/build/bootloader/CMakeFiles/CMakeTmp

Run Build Command(s):/usr/bin/ninja cmTC_90e33 && [1/2] Building C object CMakeFiles/cmTC_90e33.dir/CMakeCCompilerABI.c.o
Using built-in specs.
COLLECT_GCC=/home/pibs/.local/opt/zephyr-sdk-0.14.1/arm-zephyr-eabi/bin/arm-zephyr-eabi-gcc
Target: arm-zephyr-eabi
Configured with: /__w/_temp/workspace/build/.build/arm-zephyr-eabi/src/gcc/configure --build=x86_64-build_pc-linux-gnu --host=x86_64-build_pc-linux-gnu --target=arm-zephyr-eabi --prefix=/__w/_temp/workspace/output/arm-zephyr-eabi --exec_prefix=/__w/_temp/workspace/output/arm-zephyr-eabi --with-local-prefix=/__w/_temp/workspace/output/arm-zephyr-eabi/arm-zephyr-eabi --with-headers=/__w/_temp/workspace/output/arm-zephyr-eabi/arm-zephyr-eabi/include --with-newlib --enable-threads=no --disable-shared --with-pkgversion='Zephyr SDK 0.14.1' --with-bugurl=https://github.com/zephyrproject-rtos/sdk-ng/issues --enable-__cxa_atexit --disable-tm-clone-registry --disable-libgomp --disable-libmudflap --disable-libmpx --disable-libssp --disable-libquadmath --disable-libquadmath-support --with-gmp=/__w/_temp/workspace/build/.build/arm-zephyr-eabi/buildtools --with-mpfr=/__w/_temp/workspace/build/.build/arm-zephyr-eabi/buildtools --with-mpc=/__w/_temp/workspace/build/.build/arm-zephyr-eabi/buildtools --with-isl=/__w/_temp/workspace/build/.build/arm-zephyr-eabi/buildtools --enable-lto --with-host-libstdcxx='-static-libgcc -Wl,-Bstatic,-lstdc++,-Bdynamic -lm' --enable-target-optspace --disable-nls --enable-multiarch --with-multilib-list=rmprofile --enable-languages=c,c++ --with-gnu-ld --with-gnu-as --enable-initfini-array
Thread model: single
Supported LTO compression algorithms: zlib
gcc version 10.3.0 (Zephyr SDK 0.14.1) 
COLLECT_GCC_OPTIONS='-v' '-o' 'CMakeFiles/cmTC_90e33.dir/CMakeCCompilerABI.c.o' '-c' '-mcpu=arm7tdmi' '-mfloat-abi=soft' '-marm' '-march=armv4t'
 /home/pibs/.local/opt/zephyr-sdk-0.14.1/arm-zephyr-eabi/bin/../libexec/gcc/arm-zephyr-eabi/10.3.0/cc1 -quiet -v -iprefix /home/pibs/.local/opt/zephyr-sdk-0.14.1/arm-zephyr-eabi/bin/../lib/gcc/arm-zephyr-eabi/10.3.0/ -D__USES_INITFINI__ /usr/share/cmake-3.23/Modules/CMakeCCompilerABI.c -quiet -dumpbase CMakeCCompilerABI.c -mcpu=arm7tdmi -mfloat-abi=soft -marm -march=armv4t -auxbase-strip CMakeFiles/cmTC_90e33.dir/CMakeCCompilerABI.c.o -version -o /tmp/ccn8K1ha.s
GNU C17 (Zephyr SDK 0.14.1) version 10.3.0 (arm-zephyr-eabi)
	compiled by GNU C version 7.5.0, GMP version 6.2.1, MPFR version 4.1.0, MPC version 1.2.0, isl version isl-0.24-GMP

GGC heuristics: --param ggc-min-expand=100 --param ggc-min-heapsize=131072
ignoring duplicate directory "/home/pibs/.local/opt/zephyr-sdk-0.14.1/arm-zephyr-eabi/bin/../lib/gcc/../../lib/gcc/arm-zephyr-eabi/10.3.0/include"
ignoring duplicate directory "/home/pibs/.local/opt/zephyr-sdk-0.14.1/arm-zephyr-eabi/bin/../lib/gcc/../../lib/gcc/arm-zephyr-eabi/10.3.0/include-fixed"
ignoring duplicate directory "/home/pibs/.local/opt/zephyr-sdk-0.14.1/arm-zephyr-eabi/bin/../lib/gcc/../../lib/gcc/arm-zephyr-eabi/10.3.0/../../../../arm-zephyr-eabi/sys-include"
ignoring duplicate directory "/home/pibs/.local/opt/zephyr-sdk-0.14.1/arm-zephyr-eabi/bin/../lib/gcc/../../lib/gcc/arm-zephyr-eabi/10.3.0/../../../../arm-zephyr-eabi/include"
#include "..." search starts here:
#include <...> search starts here:
 /home/pibs/.local/opt/zephyr-sdk-0.14.1/arm-zephyr-eabi/bin/../lib/gcc/arm-zephyr-eabi/10.3.0/include
 /home/pibs/.local/opt/zephyr-sdk-0.14.1/arm-zephyr-eabi/bin/../lib/gcc/arm-zephyr-eabi/10.3.0/include-fixed
 /home/pibs/.local/opt/zephyr-sdk-0.14.1/arm-zephyr-eabi/bin/../lib/gcc/arm-zephyr-eabi/10.3.0/../../../../arm-zephyr-eabi/sys-include
 /home/pibs/.local/opt/zephyr-sdk-0.14.1/arm-zephyr-eabi/bin/../lib/gcc/arm-zephyr-eabi/10.3.0/../../../../arm-zephyr-eabi/include
End of search list.
GNU C17 (Zephyr SDK 0.14.1) version 10.3.0 (arm-zephyr-eabi)
	compiled by GNU C version 7.5.0, GMP version 6.2.1, MPFR version 4.1.0, MPC version 1.2.0, isl version isl-0.24-GMP

GGC heuristics: --param ggc-min-expand=100 --param ggc-min-heapsize=131072
Compiler executable checksum: 64489c9f1fa47cd0e5b206182270e3e8
COLLECT_GCC_OPTIONS='-v' '-o' 'CMakeFiles/cmTC_90e33.dir/CMakeCCompilerABI.c.o' '-c' '-mcpu=arm7tdmi' '-mfloat-abi=soft' '-marm' '-march=armv4t'
 /home/pibs/.local/opt/zephyr-sdk-0.14.1/arm-zephyr-eabi/bin/../lib/gcc/arm-zephyr-eabi/10.3.0/../../../../arm-zephyr-eabi/bin/as -v -march=armv4t -mfloat-abi=soft -meabi=5 -o CMakeFiles/cmTC_90e33.dir/CMakeCCompilerABI.c.o /tmp/ccn8K1ha.s
GNU assembler version 2.35.1 (arm-zephyr-eabi) using BFD version (Zephyr SDK 0.14.1) 2.35.1
COMPILER_PATH=/home/pibs/.local/opt/zephyr-sdk-0.14.1/arm-zephyr-eabi/bin/../libexec/gcc/arm-zephyr-eabi/10.3.0/:/home/pibs/.local/opt/zephyr-sdk-0.14.1/arm-zephyr-eabi/bin/../libexec/gcc/:/home/pibs/.local/opt/zephyr-sdk-0.14.1/arm-zephyr-eabi/bin/../lib/gcc/arm-zephyr-eabi/10.3.0/../../../../arm-zephyr-eabi/bin/
LIBRARY_PATH=/home/pibs/.local/opt/zephyr-sdk-0.14.1/arm-zephyr-eabi/bin/../lib/gcc/arm-zephyr-eabi/10.3.0/:/home/pibs/.local/opt/zephyr-sdk-0.14.1/arm-zephyr-eabi/bin/../lib/gcc/:/home/pibs/.local/opt/zephyr-sdk-0.14.1/arm-zephyr-eabi/bin/../lib/gcc/arm-zephyr-eabi/10.3.0/../../../../arm-zephyr-eabi/lib/
COLLECT_GCC_OPTIONS='-v' '-o' 'CMakeFiles/cmTC_90e33.dir/CMakeCCompilerABI.c.o' '-c' '-mcpu=arm7tdmi' '-mfloat-abi=soft' '-marm' '-march=armv4t'
[2/2] Linking C static library libcmTC_90e33.a



Parsed C implicit include dir info from above output: rv=done
  found start of include info
  found start of implicit include info
    add: [/home/pibs/.local/opt/zephyr-sdk-0.14.1/arm-zephyr-eabi/bin/../lib/gcc/arm-zephyr-eabi/10.3.0/include]
    add: [/home/pibs/.local/opt/zephyr-sdk-0.14.1/arm-zephyr-eabi/bin/../lib/gcc/arm-zephyr-eabi/10.3.0/include-fixed]
    add: [/home/pibs/.local/opt/zephyr-sdk-0.14.1/arm-zephyr-eabi/bin/../lib/gcc/arm-zephyr-eabi/10.3.0/../../../../arm-zephyr-eabi/sys-include]
    add: [/home/pibs/.local/opt/zephyr-sdk-0.14.1/arm-zephyr-eabi/bin/../lib/gcc/arm-zephyr-eabi/10.3.0/../../../../arm-zephyr-eabi/include]
  end of search list found
  collapse include dir [/home/pibs/.local/opt/zephyr-sdk-0.14.1/arm-zephyr-eabi/bin/../lib/gcc/arm-zephyr-eabi/10.3.0/include] ==> [/home/pibs/.local/opt/zephyr-sdk-0.14.1/arm-zephyr-eabi/lib/gcc/arm-zephyr-eabi/10.3.0/include]
  collapse include dir [/home/pibs/.local/opt/zephyr-sdk-0.14.1/arm-zephyr-eabi/bin/../lib/gcc/arm-zephyr-eabi/10.3.0/include-fixed] ==> [/home/pibs/.local/opt/zephyr-sdk-0.14.1/arm-zephyr-eabi/lib/gcc/arm-zephyr-eabi/10.3.0/include-fixed]
  collapse include dir [/home/pibs/.local/opt/zephyr-sdk-0.14.1/arm-zephyr-eabi/bin/../lib/gcc/arm-zephyr-eabi/10.3.0/../../../../arm-zephyr-eabi/sys-include] ==> [/home/pibs/.local/opt/zephyr-sdk-0.14.1/arm-zephyr-eabi/arm-zephyr-eabi/sys-include]
  collapse include dir [/home/pibs/.local/opt/zephyr-sdk-0.14.1/arm-zephyr-eabi/bin/../lib/gcc/arm-zephyr-eabi/10.3.0/../../../../arm-zephyr-eabi/include] ==> [/home/pibs/.local/opt/zephyr-sdk-0.14.1/arm-zephyr-eabi/arm-zephyr-eabi/include]
  implicit include dirs: [/home/pibs/.local/opt/zephyr-sdk-0.14.1/arm-zephyr-eabi/lib/gcc/arm-zephyr-eabi/10.3.0/include;/home/pibs/.local/opt/zephyr-sdk-0.14.1/arm-zephyr-eabi/lib/gcc/arm-zephyr-eabi/10.3.0/include-fixed;/home/pibs/.local/opt/zephyr-sdk-0.14.1/arm-zephyr-eabi/arm-zephyr-eabi/sys-include;/home/pibs/.local/opt/zephyr-sdk-0.14.1/arm-zephyr-eabi/arm-zephyr-eabi/include]


Parsed C implicit link information from above output:
  link line regex: [^( *|.*[/\])(arm-zephyr-eabi-ld|CMAKE_LINK_STARTFILE-NOTFOUND|([^/\]+-)?ld|collect2)[^/\]*( |$)]
  ignore line: [Change Dir: /home/pibs/workspace/trekking/firmware/RPI_PICO/build/bootloader/CMakeFiles/CMakeTmp]
  ignore line: []
  ignore line: [Run Build Command(s):/usr/bin/ninja cmTC_90e33 && [1/2] Building C object CMakeFiles/cmTC_90e33.dir/CMakeCCompilerABI.c.o]
  ignore line: [Using built-in specs.]
  ignore line: [COLLECT_GCC=/home/pibs/.local/opt/zephyr-sdk-0.14.1/arm-zephyr-eabi/bin/arm-zephyr-eabi-gcc]
  ignore line: [Target: arm-zephyr-eabi]
  ignore line: [Configured with: /__w/_temp/workspace/build/.build/arm-zephyr-eabi/src/gcc/configure --build=x86_64-build_pc-linux-gnu --host=x86_64-build_pc-linux-gnu --target=arm-zephyr-eabi --prefix=/__w/_temp/workspace/output/arm-zephyr-eabi --exec_prefix=/__w/_temp/workspace/output/arm-zephyr-eabi --with-local-prefix=/__w/_temp/workspace/output/arm-zephyr-eabi/arm-zephyr-eabi --with-headers=/__w/_temp/workspace/output/arm-zephyr-eabi/arm-zephyr-eabi/include --with-newlib --enable-threads=no --disable-shared --with-pkgversion='Zephyr SDK 0.14.1' --with-bugurl=https://github.com/zephyrproject-rtos/sdk-ng/issues --enable-__cxa_atexit --disable-tm-clone-registry --disable-libgomp --disable-libmudflap --disable-libmpx --disable-libssp --disable-libquadmath --disable-libquadmath-support --with-gmp=/__w/_temp/workspace/build/.build/arm-zephyr-eabi/buildtools --with-mpfr=/__w/_temp/workspace/build/.build/arm-zephyr-eabi/buildtools --with-mpc=/__w/_temp/workspace/build/.build/arm-zephyr-eabi/buildtools --with-isl=/__w/_temp/workspace/build/.build/arm-zephyr-eabi/buildtools --enable-lto --with-host-libstdcxx='-static-libgcc -Wl,-Bstatic,-lstdc++,-Bdynamic -lm' --enable-target-optspace --disable-nls --enable-multiarch --with-multilib-list=rmprofile --enable-languages=c,c++ --with-gnu-ld --with-gnu-as --enable-initfini-array]
  ignore line: [Thread model: single]
  ignore line: [Supported LTO compression algorithms: zlib]
  ignore line: [gcc version 10.3.0 (Zephyr SDK 0.14.1) ]
  ignore line: [COLLECT_GCC_OPTIONS='-v' '-o' 'CMakeFiles/cmTC_90e33.dir/CMakeCCompilerABI.c.o' '-c' '-mcpu=arm7tdmi' '-mfloat-abi=soft' '-marm' '-march=armv4t']
  ignore line: [ /home/pibs/.local/opt/zephyr-sdk-0.14.1/arm-zephyr-eabi/bin/../libexec/gcc/arm-zephyr-eabi/10.3.0/cc1 -quiet -v -iprefix /home/pibs/.local/opt/zephyr-sdk-0.14.1/arm-zephyr-eabi/bin/../lib/gcc/arm-zephyr-eabi/10.3.0/ -D__USES_INITFINI__ /usr/share/cmake-3.23/Modules/CMakeCCompilerABI.c -quiet -dumpbase CMakeCCompilerABI.c -mcpu=arm7tdmi -mfloat-abi=soft -marm -march=armv4t -auxbase-strip CMakeFiles/cmTC_90e33.dir/CMakeCCompilerABI.c.o -version -o /tmp/ccn8K1ha.s]
  ignore line: [GNU C17 (Zephyr SDK 0.14.1) version 10.3.0 (arm-zephyr-eabi)]
  ignore line: [	compiled by GNU C version 7.5.0  GMP version 6.2.1  MPFR version 4.1.0  MPC version 1.2.0  isl version isl-0.24-GMP]
  ignore line: []
  ignore line: [GGC heuristics: --param ggc-min-expand=100 --param ggc-min-heapsize=131072]
  ignore line: [ignoring duplicate directory "/home/pibs/.local/opt/zephyr-sdk-0.14.1/arm-zephyr-eabi/bin/../lib/gcc/../../lib/gcc/arm-zephyr-eabi/10.3.0/include"]
  ignore line: [ignoring duplicate directory "/home/pibs/.local/opt/zephyr-sdk-0.14.1/arm-zephyr-eabi/bin/../lib/gcc/../../lib/gcc/arm-zephyr-eabi/10.3.0/include-fixed"]
  ignore line: [ignoring duplicate directory "/home/pibs/.local/opt/zephyr-sdk-0.14.1/arm-zephyr-eabi/bin/../lib/gcc/../../lib/gcc/arm-zephyr-eabi/10.3.0/../../../../arm-zephyr-eabi/sys-include"]
  ignore line: [ignoring duplicate directory "/home/pibs/.local/opt/zephyr-sdk-0.14.1/arm-zephyr-eabi/bin/../lib/gcc/../../lib/gcc/arm-zephyr-eabi/10.3.0/../../../../arm-zephyr-eabi/include"]
  ignore line: [#include "..." search starts here:]
  ignore line: [#include <...> search starts here:]
  ignore line: [ /home/pibs/.local/opt/zephyr-sdk-0.14.1/arm-zephyr-eabi/bin/../lib/gcc/arm-zephyr-eabi/10.3.0/include]
  ignore line: [ /home/pibs/.local/opt/zephyr-sdk-0.14.1/arm-zephyr-eabi/bin/../lib/gcc/arm-zephyr-eabi/10.3.0/include-fixed]
  ignore line: [ /home/pibs/.local/opt/zephyr-sdk-0.14.1/arm-zephyr-eabi/bin/../lib/gcc/arm-zephyr-eabi/10.3.0/../../../../arm-zephyr-eabi/sys-include]
  ignore line: [ /home/pibs/.local/opt/zephyr-sdk-0.14.1/arm-zephyr-eabi/bin/../lib/gcc/arm-zephyr-eabi/10.3.0/../../../../arm-zephyr-eabi/include]
  ignore line: [End of search list.]
  ignore line: [GNU C17 (Zephyr SDK 0.14.1) version 10.3.0 (arm-zephyr-eabi)]
  ignore line: [	compiled by GNU C version 7.5.0  GMP version 6.2.1  MPFR version 4.1.0  MPC version 1.2.0  isl version isl-0.24-GMP]
  ignore line: []
  ignore line: [GGC heuristics: --param ggc-min-expand=100 --param ggc-min-heapsize=131072]
  ignore line: [Compiler executable checksum: 64489c9f1fa47cd0e5b206182270e3e8]
  ignore line: [COLLECT_GCC_OPTIONS='-v' '-o' 'CMakeFiles/cmTC_90e33.dir/CMakeCCompilerABI.c.o' '-c' '-mcpu=arm7tdmi' '-mfloat-abi=soft' '-marm' '-march=armv4t']
  ignore line: [ /home/pibs/.local/opt/zephyr-sdk-0.14.1/arm-zephyr-eabi/bin/../lib/gcc/arm-zephyr-eabi/10.3.0/../../../../arm-zephyr-eabi/bin/as -v -march=armv4t -mfloat-abi=soft -meabi=5 -o CMakeFiles/cmTC_90e33.dir/CMakeCCompilerABI.c.o /tmp/ccn8K1ha.s]
  ignore line: [GNU assembler version 2.35.1 (arm-zephyr-eabi) using BFD version (Zephyr SDK 0.14.1) 2.35.1]
  ignore line: [COMPILER_PATH=/home/pibs/.local/opt/zephyr-sdk-0.14.1/arm-zephyr-eabi/bin/../libexec/gcc/arm-zephyr-eabi/10.3.0/:/home/pibs/.local/opt/zephyr-sdk-0.14.1/arm-zephyr-eabi/bin/../libexec/gcc/:/home/pibs/.local/opt/zephyr-sdk-0.14.1/arm-zephyr-eabi/bin/../lib/gcc/arm-zephyr-eabi/10.3.0/../../../../arm-zephyr-eabi/bin/]
  ignore line: [LIBRARY_PATH=/home/pibs/.local/opt/zephyr-sdk-0.14.1/arm-zephyr-eabi/bin/../lib/gcc/arm-zephyr-eabi/10.3.0/:/home/pibs/.local/opt/zephyr-sdk-0.14.1/arm-zephyr-eabi/bin/../lib/gcc/:/home/pibs/.local/opt/zephyr-sdk-0.14.1/arm-zephyr-eabi/bin/../lib/gcc/arm-zephyr-eabi/10.3.0/../../../../arm-zephyr-eabi/lib/]
  ignore line: [COLLECT_GCC_OPTIONS='-v' '-o' 'CMakeFiles/cmTC_90e33.dir/CMakeCCompilerABI.c.o' '-c' '-mcpu=arm7tdmi' '-mfloat-abi=soft' '-marm' '-march=armv4t']
  ignore line: [[2/2] Linking C static library libcmTC_90e33.a]
  ignore line: []
  ignore line: []
  implicit libs: []
  implicit objs: []
  implicit dirs: []
  implicit fwks: []


Detecting CXX compiler ABI info compiled with the following output:
Change Dir: /home/pibs/workspace/trekking/firmware/RPI_PICO/build/bootloader/CMakeFiles/CMakeTmp

Run Build Command(s):/usr/bin/ninja cmTC_27081 && [1/2] Building CXX object CMakeFiles/cmTC_27081.dir/CMakeCXXCompilerABI.cpp.o
Using built-in specs.
COLLECT_GCC=/home/pibs/.local/opt/zephyr-sdk-0.14.1/arm-zephyr-eabi/bin/arm-zephyr-eabi-c++
Target: arm-zephyr-eabi
Configured with: /__w/_temp/workspace/build/.build/arm-zephyr-eabi/src/gcc/configure --build=x86_64-build_pc-linux-gnu --host=x86_64-build_pc-linux-gnu --target=arm-zephyr-eabi --prefix=/__w/_temp/workspace/output/arm-zephyr-eabi --exec_prefix=/__w/_temp/workspace/output/arm-zephyr-eabi --with-local-prefix=/__w/_temp/workspace/output/arm-zephyr-eabi/arm-zephyr-eabi --with-headers=/__w/_temp/workspace/output/arm-zephyr-eabi/arm-zephyr-eabi/include --with-newlib --enable-threads=no --disable-shared --with-pkgversion='Zephyr SDK 0.14.1' --with-bugurl=https://github.com/zephyrproject-rtos/sdk-ng/issues --enable-__cxa_atexit --disable-tm-clone-registry --disable-libgomp --disable-libmudflap --disable-libmpx --disable-libssp --disable-libquadmath --disable-libquadmath-support --with-gmp=/__w/_temp/workspace/build/.build/arm-zephyr-eabi/buildtools --with-mpfr=/__w/_temp/workspace/build/.build/arm-zephyr-eabi/buildtools --with-mpc=/__w/_temp/workspace/build/.build/arm-zephyr-eabi/buildtools --with-isl=/__w/_temp/workspace/build/.build/arm-zephyr-eabi/buildtools --enable-lto --with-host-libstdcxx='-static-libgcc -Wl,-Bstatic,-lstdc++,-Bdynamic -lm' --enable-target-optspace --disable-nls --enable-multiarch --with-multilib-list=rmprofile --enable-languages=c,c++ --with-gnu-ld --with-gnu-as --enable-initfini-array
Thread model: single
Supported LTO compression algorithms: zlib
gcc version 10.3.0 (Zephyr SDK 0.14.1) 
COLLECT_GCC_OPTIONS='-v' '-o' 'CMakeFiles/cmTC_27081.dir/CMakeCXXCompilerABI.cpp.o' '-c' '-mcpu=arm7tdmi' '-mfloat-abi=soft' '-marm' '-march=armv4t'
 /home/pibs/.local/opt/zephyr-sdk-0.14.1/arm-zephyr-eabi/bin/../libexec/gcc/arm-zephyr-eabi/10.3.0/cc1plus -quiet -v -iprefix /home/pibs/.local/opt/zephyr-sdk-0.14.1/arm-zephyr-eabi/bin/../lib/gcc/arm-zephyr-eabi/10.3.0/ -D__USES_INITFINI__ /usr/share/cmake-3.23/Modules/CMakeCXXCompilerABI.cpp -quiet -dumpbase CMakeCXXCompilerABI.cpp -mcpu=arm7tdmi -mfloat-abi=soft -marm -march=armv4t -auxbase-strip CMakeFiles/cmTC_27081.dir/CMakeCXXCompilerABI.cpp.o -version -o /tmp/ccTrLjPo.s
GNU C++14 (Zephyr SDK 0.14.1) version 10.3.0 (arm-zephyr-eabi)
	compiled by GNU C version 7.5.0, GMP version 6.2.1, MPFR version 4.1.0, MPC version 1.2.0, isl version isl-0.24-GMP

GGC heuristics: --param ggc-min-expand=100 --param ggc-min-heapsize=131072
ignoring duplicate directory "/home/pibs/.local/opt/zephyr-sdk-0.14.1/arm-zephyr-eabi/bin/../lib/gcc/../../lib/gcc/arm-zephyr-eabi/10.3.0/../../../../arm-zephyr-eabi/include/c++/10.3.0"
ignoring duplicate directory "/home/pibs/.local/opt/zephyr-sdk-0.14.1/arm-zephyr-eabi/bin/../lib/gcc/../../lib/gcc/arm-zephyr-eabi/10.3.0/../../../../arm-zephyr-eabi/include/c++/10.3.0/arm-zephyr-eabi"
ignoring duplicate directory "/home/pibs/.local/opt/zephyr-sdk-0.14.1/arm-zephyr-eabi/bin/../lib/gcc/../../lib/gcc/arm-zephyr-eabi/10.3.0/../../../../arm-zephyr-eabi/include/c++/10.3.0/backward"
ignoring duplicate directory "/home/pibs/.local/opt/zephyr-sdk-0.14.1/arm-zephyr-eabi/bin/../lib/gcc/../../lib/gcc/arm-zephyr-eabi/10.3.0/include"
ignoring duplicate directory "/home/pibs/.local/opt/zephyr-sdk-0.14.1/arm-zephyr-eabi/bin/../lib/gcc/../../lib/gcc/arm-zephyr-eabi/10.3.0/include-fixed"
ignoring duplicate directory "/home/pibs/.local/opt/zephyr-sdk-0.14.1/arm-zephyr-eabi/bin/../lib/gcc/../../lib/gcc/arm-zephyr-eabi/10.3.0/../../../../arm-zephyr-eabi/sys-include"
ignoring duplicate directory "/home/pibs/.local/opt/zephyr-sdk-0.14.1/arm-zephyr-eabi/bin/../lib/gcc/../../lib/gcc/arm-zephyr-eabi/10.3.0/../../../../arm-zephyr-eabi/include"
#include "..." search starts here:
#include <...> search starts here:
 /home/pibs/.local/opt/zephyr-sdk-0.14.1/arm-zephyr-eabi/bin/../lib/gcc/arm-zephyr-eabi/10.3.0/../../../../arm-zephyr-eabi/include/c++/10.3.0
 /home/pibs/.local/opt/zephyr-sdk-0.14.1/arm-zephyr-eabi/bin/../lib/gcc/arm-zephyr-eabi/10.3.0/../../../../arm-zephyr-eabi/include/c++/10.3.0/arm-zephyr-eabi
 /home/pibs/.local/opt/zephyr-sdk-0.14.1/arm-zephyr-eabi/bin/../lib/gcc/arm-zephyr-eabi/10.3.0/../../../../arm-zephyr-eabi/include/c++/10.3.0/backward
 /home/pibs/.local/opt/zephyr-sdk-0.14.1/arm-zephyr-eabi/bin/../lib/gcc/arm-zephyr-eabi/10.3.0/include
 /home/pibs/.local/opt/zephyr-sdk-0.14.1/arm-zephyr-eabi/bin/../lib/gcc/arm-zephyr-eabi/10.3.0/include-fixed
 /home/pibs/.local/opt/zephyr-sdk-0.14.1/arm-zephyr-eabi/bin/../lib/gcc/arm-zephyr-eabi/10.3.0/../../../../arm-zephyr-eabi/sys-include
 /home/pibs/.local/opt/zephyr-sdk-0.14.1/arm-zephyr-eabi/bin/../lib/gcc/arm-zephyr-eabi/10.3.0/../../../../arm-zephyr-eabi/include
End of search list.
GNU C++14 (Zephyr SDK 0.14.1) version 10.3.0 (arm-zephyr-eabi)
	compiled by GNU C version 7.5.0, GMP version 6.2.1, MPFR version 4.1.0, MPC version 1.2.0, isl version isl-0.24-GMP

GGC heuristics: --param ggc-min-expand=100 --param ggc-min-heapsize=131072
Compiler executable checksum: 761010482d88277a00d0647232d101c3
COLLECT_GCC_OPTIONS='-v' '-o' 'CMakeFiles/cmTC_27081.dir/CMakeCXXCompilerABI.cpp.o' '-c' '-mcpu=arm7tdmi' '-mfloat-abi=soft' '-marm' '-march=armv4t'
 /home/pibs/.local/opt/zephyr-sdk-0.14.1/arm-zephyr-eabi/bin/../lib/gcc/arm-zephyr-eabi/10.3.0/../../../../arm-zephyr-eabi/bin/as -v -march=armv4t -mfloat-abi=soft -meabi=5 -o CMakeFiles/cmTC_27081.dir/CMakeCXXCompilerABI.cpp.o /tmp/ccTrLjPo.s
GNU assembler version 2.35.1 (arm-zephyr-eabi) using BFD version (Zephyr SDK 0.14.1) 2.35.1
COMPILER_PATH=/home/pibs/.local/opt/zephyr-sdk-0.14.1/arm-zephyr-eabi/bin/../libexec/gcc/arm-zephyr-eabi/10.3.0/:/home/pibs/.local/opt/zephyr-sdk-0.14.1/arm-zephyr-eabi/bin/../libexec/gcc/:/home/pibs/.local/opt/zephyr-sdk-0.14.1/arm-zephyr-eabi/bin/../lib/gcc/arm-zephyr-eabi/10.3.0/../../../../arm-zephyr-eabi/bin/
LIBRARY_PATH=/home/pibs/.local/opt/zephyr-sdk-0.14.1/arm-zephyr-eabi/bin/../lib/gcc/arm-zephyr-eabi/10.3.0/:/home/pibs/.local/opt/zephyr-sdk-0.14.1/arm-zephyr-eabi/bin/../lib/gcc/:/home/pibs/.local/opt/zephyr-sdk-0.14.1/arm-zephyr-eabi/bin/../lib/gcc/arm-zephyr-eabi/10.3.0/../../../../arm-zephyr-eabi/lib/
COLLECT_GCC_OPTIONS='-v' '-o' 'CMakeFiles/cmTC_27081.dir/CMakeCXXCompilerABI.cpp.o' '-c' '-mcpu=arm7tdmi' '-mfloat-abi=soft' '-marm' '-march=armv4t'
[2/2] Linking CXX static library libcmTC_27081.a



Parsed CXX implicit include dir info from above output: rv=done
  found start of include info
  found start of implicit include info
    add: [/home/pibs/.local/opt/zephyr-sdk-0.14.1/arm-zephyr-eabi/bin/../lib/gcc/arm-zephyr-eabi/10.3.0/../../../../arm-zephyr-eabi/include/c++/10.3.0]
    add: [/home/pibs/.local/opt/zephyr-sdk-0.14.1/arm-zephyr-eabi/bin/../lib/gcc/arm-zephyr-eabi/10.3.0/../../../../arm-zephyr-eabi/include/c++/10.3.0/arm-zephyr-eabi]
    add: [/home/pibs/.local/opt/zephyr-sdk-0.14.1/arm-zephyr-eabi/bin/../lib/gcc/arm-zephyr-eabi/10.3.0/../../../../arm-zephyr-eabi/include/c++/10.3.0/backward]
    add: [/home/pibs/.local/opt/zephyr-sdk-0.14.1/arm-zephyr-eabi/bin/../lib/gcc/arm-zephyr-eabi/10.3.0/include]
    add: [/home/pibs/.local/opt/zephyr-sdk-0.14.1/arm-zephyr-eabi/bin/../lib/gcc/arm-zephyr-eabi/10.3.0/include-fixed]
    add: [/home/pibs/.local/opt/zephyr-sdk-0.14.1/arm-zephyr-eabi/bin/../lib/gcc/arm-zephyr-eabi/10.3.0/../../../../arm-zephyr-eabi/sys-include]
    add: [/home/pibs/.local/opt/zephyr-sdk-0.14.1/arm-zephyr-eabi/bin/../lib/gcc/arm-zephyr-eabi/10.3.0/../../../../arm-zephyr-eabi/include]
  end of search list found
  collapse include dir [/home/pibs/.local/opt/zephyr-sdk-0.14.1/arm-zephyr-eabi/bin/../lib/gcc/arm-zephyr-eabi/10.3.0/../../../../arm-zephyr-eabi/include/c++/10.3.0] ==> [/home/pibs/.local/opt/zephyr-sdk-0.14.1/arm-zephyr-eabi/arm-zephyr-eabi/include/c++/10.3.0]
  collapse include dir [/home/pibs/.local/opt/zephyr-sdk-0.14.1/arm-zephyr-eabi/bin/../lib/gcc/arm-zephyr-eabi/10.3.0/../../../../arm-zephyr-eabi/include/c++/10.3.0/arm-zephyr-eabi] ==> [/home/pibs/.local/opt/zephyr-sdk-0.14.1/arm-zephyr-eabi/arm-zephyr-eabi/include/c++/10.3.0/arm-zephyr-eabi]
  collapse include dir [/home/pibs/.local/opt/zephyr-sdk-0.14.1/arm-zephyr-eabi/bin/../lib/gcc/arm-zephyr-eabi/10.3.0/../../../../arm-zephyr-eabi/include/c++/10.3.0/backward] ==> [/home/pibs/.local/opt/zephyr-sdk-0.14.1/arm-zephyr-eabi/arm-zephyr-eabi/include/c++/10.3.0/backward]
  collapse include dir [/home/pibs/.local/opt/zephyr-sdk-0.14.1/arm-zephyr-eabi/bin/../lib/gcc/arm-zephyr-eabi/10.3.0/include] ==> [/home/pibs/.local/opt/zephyr-sdk-0.14.1/arm-zephyr-eabi/lib/gcc/arm-zephyr-eabi/10.3.0/include]
  collapse include dir [/home/pibs/.local/opt/zephyr-sdk-0.14.1/arm-zephyr-eabi/bin/../lib/gcc/arm-zephyr-eabi/10.3.0/include-fixed] ==> [/home/pibs/.local/opt/zephyr-sdk-0.14.1/arm-zephyr-eabi/lib/gcc/arm-zephyr-eabi/10.3.0/include-fixed]
  collapse include dir [/home/pibs/.local/opt/zephyr-sdk-0.14.1/arm-zephyr-eabi/bin/../lib/gcc/arm-zephyr-eabi/10.3.0/../../../../arm-zephyr-eabi/sys-include] ==> [/home/pibs/.local/opt/zephyr-sdk-0.14.1/arm-zephyr-eabi/arm-zephyr-eabi/sys-include]
  collapse include dir [/home/pibs/.local/opt/zephyr-sdk-0.14.1/arm-zephyr-eabi/bin/../lib/gcc/arm-zephyr-eabi/10.3.0/../../../../arm-zephyr-eabi/include] ==> [/home/pibs/.local/opt/zephyr-sdk-0.14.1/arm-zephyr-eabi/arm-zephyr-eabi/include]
  implicit include dirs: [/home/pibs/.local/opt/zephyr-sdk-0.14.1/arm-zephyr-eabi/arm-zephyr-eabi/include/c++/10.3.0;/home/pibs/.local/opt/zephyr-sdk-0.14.1/arm-zephyr-eabi/arm-zephyr-eabi/include/c++/10.3.0/arm-zephyr-eabi;/home/pibs/.local/opt/zephyr-sdk-0.14.1/arm-zephyr-eabi/arm-zephyr-eabi/include/c++/10.3.0/backward;/home/pibs/.local/opt/zephyr-sdk-0.14.1/arm-zephyr-eabi/lib/gcc/arm-zephyr-eabi/10.3.0/include;/home/pibs/.local/opt/zephyr-sdk-0.14.1/arm-zephyr-eabi/lib/gcc/arm-zephyr-eabi/10.3.0/include-fixed;/home/pibs/.local/opt/zephyr-sdk-0.14.1/arm-zephyr-eabi/arm-zephyr-eabi/sys-include;/home/pibs/.local/opt/zephyr-sdk-0.14.1/arm-zephyr-eabi/arm-zephyr-eabi/include]


Parsed CXX implicit link information from above output:
  link line regex: [^( *|.*[/\])(arm-zephyr-eabi-ld|CMAKE_LINK_STARTFILE-NOTFOUND|([^/\]+-)?ld|collect2)[^/\]*( |$)]
  ignore line: [Change Dir: /home/pibs/workspace/trekking/firmware/RPI_PICO/build/bootloader/CMakeFiles/CMakeTmp]
  ignore line: []
  ignore line: [Run Build Command(s):/usr/bin/ninja cmTC_27081 && [1/2] Building CXX object CMakeFiles/cmTC_27081.dir/CMakeCXXCompilerABI.cpp.o]
  ignore line: [Using built-in specs.]
  ignore line: [COLLECT_GCC=/home/pibs/.local/opt/zephyr-sdk-0.14.1/arm-zephyr-eabi/bin/arm-zephyr-eabi-c++]
  ignore line: [Target: arm-zephyr-eabi]
  ignore line: [Configured with: /__w/_temp/workspace/build/.build/arm-zephyr-eabi/src/gcc/configure --build=x86_64-build_pc-linux-gnu --host=x86_64-build_pc-linux-gnu --target=arm-zephyr-eabi --prefix=/__w/_temp/workspace/output/arm-zephyr-eabi --exec_prefix=/__w/_temp/workspace/output/arm-zephyr-eabi --with-local-prefix=/__w/_temp/workspace/output/arm-zephyr-eabi/arm-zephyr-eabi --with-headers=/__w/_temp/workspace/output/arm-zephyr-eabi/arm-zephyr-eabi/include --with-newlib --enable-threads=no --disable-shared --with-pkgversion='Zephyr SDK 0.14.1' --with-bugurl=https://github.com/zephyrproject-rtos/sdk-ng/issues --enable-__cxa_atexit --disable-tm-clone-registry --disable-libgomp --disable-libmudflap --disable-libmpx --disable-libssp --disable-libquadmath --disable-libquadmath-support --with-gmp=/__w/_temp/workspace/build/.build/arm-zephyr-eabi/buildtools --with-mpfr=/__w/_temp/workspace/build/.build/arm-zephyr-eabi/buildtools --with-mpc=/__w/_temp/workspace/build/.build/arm-zephyr-eabi/buildtools --with-isl=/__w/_temp/workspace/build/.build/arm-zephyr-eabi/buildtools --enable-lto --with-host-libstdcxx='-static-libgcc -Wl,-Bstatic,-lstdc++,-Bdynamic -lm' --enable-target-optspace --disable-nls --enable-multiarch --with-multilib-list=rmprofile --enable-languages=c,c++ --with-gnu-ld --with-gnu-as --enable-initfini-array]
  ignore line: [Thread model: single]
  ignore line: [Supported LTO compression algorithms: zlib]
  ignore line: [gcc version 10.3.0 (Zephyr SDK 0.14.1) ]
  ignore line: [COLLECT_GCC_OPTIONS='-v' '-o' 'CMakeFiles/cmTC_27081.dir/CMakeCXXCompilerABI.cpp.o' '-c' '-mcpu=arm7tdmi' '-mfloat-abi=soft' '-marm' '-march=armv4t']
  ignore line: [ /home/pibs/.local/opt/zephyr-sdk-0.14.1/arm-zephyr-eabi/bin/../libexec/gcc/arm-zephyr-eabi/10.3.0/cc1plus -quiet -v -iprefix /home/pibs/.local/opt/zephyr-sdk-0.14.1/arm-zephyr-eabi/bin/../lib/gcc/arm-zephyr-eabi/10.3.0/ -D__USES_INITFINI__ /usr/share/cmake-3.23/Modules/CMakeCXXCompilerABI.cpp -quiet -dumpbase CMakeCXXCompilerABI.cpp -mcpu=arm7tdmi -mfloat-abi=soft -marm -march=armv4t -auxbase-strip CMakeFiles/cmTC_27081.dir/CMakeCXXCompilerABI.cpp.o -version -o /tmp/ccTrLjPo.s]
  ignore line: [GNU C++14 (Zephyr SDK 0.14.1) version 10.3.0 (arm-zephyr-eabi)]
  ignore line: [	compiled by GNU C version 7.5.0  GMP version 6.2.1  MPFR version 4.1.0  MPC version 1.2.0  isl version isl-0.24-GMP]
  ignore line: []
  ignore line: [GGC heuristics: --param ggc-min-expand=100 --param ggc-min-heapsize=131072]
  ignore line: [ignoring duplicate directory "/home/pibs/.local/opt/zephyr-sdk-0.14.1/arm-zephyr-eabi/bin/../lib/gcc/../../lib/gcc/arm-zephyr-eabi/10.3.0/../../../../arm-zephyr-eabi/include/c++/10.3.0"]
  ignore line: [ignoring duplicate directory "/home/pibs/.local/opt/zephyr-sdk-0.14.1/arm-zephyr-eabi/bin/../lib/gcc/../../lib/gcc/arm-zephyr-eabi/10.3.0/../../../../arm-zephyr-eabi/include/c++/10.3.0/arm-zephyr-eabi"]
  ignore line: [ignoring duplicate directory "/home/pibs/.local/opt/zephyr-sdk-0.14.1/arm-zephyr-eabi/bin/../lib/gcc/../../lib/gcc/arm-zephyr-eabi/10.3.0/../../../../arm-zephyr-eabi/include/c++/10.3.0/backward"]
  ignore line: [ignoring duplicate directory "/home/pibs/.local/opt/zephyr-sdk-0.14.1/arm-zephyr-eabi/bin/../lib/gcc/../../lib/gcc/arm-zephyr-eabi/10.3.0/include"]
  ignore line: [ignoring duplicate directory "/home/pibs/.local/opt/zephyr-sdk-0.14.1/arm-zephyr-eabi/bin/../lib/gcc/../../lib/gcc/arm-zephyr-eabi/10.3.0/include-fixed"]
  ignore line: [ignoring duplicate directory "/home/pibs/.local/opt/zephyr-sdk-0.14.1/arm-zephyr-eabi/bin/../lib/gcc/../../lib/gcc/arm-zephyr-eabi/10.3.0/../../../../arm-zephyr-eabi/sys-include"]
  ignore line: [ignoring duplicate directory "/home/pibs/.local/opt/zephyr-sdk-0.14.1/arm-zephyr-eabi/bin/../lib/gcc/../../lib/gcc/arm-zephyr-eabi/10.3.0/../../../../arm-zephyr-eabi/include"]
  ignore line: [#include "..." search starts here:]
  ignore line: [#include <...> search starts here:]
  ignore line: [ /home/pibs/.local/opt/zephyr-sdk-0.14.1/arm-zephyr-eabi/bin/../lib/gcc/arm-zephyr-eabi/10.3.0/../../../../arm-zephyr-eabi/include/c++/10.3.0]
  ignore line: [ /home/pibs/.local/opt/zephyr-sdk-0.14.1/arm-zephyr-eabi/bin/../lib/gcc/arm-zephyr-eabi/10.3.0/../../../../arm-zephyr-eabi/include/c++/10.3.0/arm-zephyr-eabi]
  ignore line: [ /home/pibs/.local/opt/zephyr-sdk-0.14.1/arm-zephyr-eabi/bin/../lib/gcc/arm-zephyr-eabi/10.3.0/../../../../arm-zephyr-eabi/include/c++/10.3.0/backward]
  ignore line: [ /home/pibs/.local/opt/zephyr-sdk-0.14.1/arm-zephyr-eabi/bin/../lib/gcc/arm-zephyr-eabi/10.3.0/include]
  ignore line: [ /home/pibs/.local/opt/zephyr-sdk-0.14.1/arm-zephyr-eabi/bin/../lib/gcc/arm-zephyr-eabi/10.3.0/include-fixed]
  ignore line: [ /home/pibs/.local/opt/zephyr-sdk-0.14.1/arm-zephyr-eabi/bin/../lib/gcc/arm-zephyr-eabi/10.3.0/../../../../arm-zephyr-eabi/sys-include]
  ignore line: [ /home/pibs/.local/opt/zephyr-sdk-0.14.1/arm-zephyr-eabi/bin/../lib/gcc/arm-zephyr-eabi/10.3.0/../../../../arm-zephyr-eabi/include]
  ignore line: [End of search list.]
  ignore line: [GNU C++14 (Zephyr SDK 0.14.1) version 10.3.0 (arm-zephyr-eabi)]
  ignore line: [	compiled by GNU C version 7.5.0  GMP version 6.2.1  MPFR version 4.1.0  MPC version 1.2.0  isl version isl-0.24-GMP]
  ignore line: []
  ignore line: [GGC heuristics: --param ggc-min-expand=100 --param ggc-min-heapsize=131072]
  ignore line: [Compiler executable checksum: 761010482d88277a00d0647232d101c3]
  ignore line: [COLLECT_GCC_OPTIONS='-v' '-o' 'CMakeFiles/cmTC_27081.dir/CMakeCXXCompilerABI.cpp.o' '-c' '-mcpu=arm7tdmi' '-mfloat-abi=soft' '-marm' '-march=armv4t']
  ignore line: [ /home/pibs/.local/opt/zephyr-sdk-0.14.1/arm-zephyr-eabi/bin/../lib/gcc/arm-zephyr-eabi/10.3.0/../../../../arm-zephyr-eabi/bin/as -v -march=armv4t -mfloat-abi=soft -meabi=5 -o CMakeFiles/cmTC_27081.dir/CMakeCXXCompilerABI.cpp.o /tmp/ccTrLjPo.s]
  ignore line: [GNU assembler version 2.35.1 (arm-zephyr-eabi) using BFD version (Zephyr SDK 0.14.1) 2.35.1]
  ignore line: [COMPILER_PATH=/home/pibs/.local/opt/zephyr-sdk-0.14.1/arm-zephyr-eabi/bin/../libexec/gcc/arm-zephyr-eabi/10.3.0/:/home/pibs/.local/opt/zephyr-sdk-0.14.1/arm-zephyr-eabi/bin/../libexec/gcc/:/home/pibs/.local/opt/zephyr-sdk-0.14.1/arm-zephyr-eabi/bin/../lib/gcc/arm-zephyr-eabi/10.3.0/../../../../arm-zephyr-eabi/bin/]
  ignore line: [LIBRARY_PATH=/home/pibs/.local/opt/zephyr-sdk-0.14.1/arm-zephyr-eabi/bin/../lib/gcc/arm-zephyr-eabi/10.3.0/:/home/pibs/.local/opt/zephyr-sdk-0.14.1/arm-zephyr-eabi/bin/../lib/gcc/:/home/pibs/.local/opt/zephyr-sdk-0.14.1/arm-zephyr-eabi/bin/../lib/gcc/arm-zephyr-eabi/10.3.0/../../../../arm-zephyr-eabi/lib/]
  ignore line: [COLLECT_GCC_OPTIONS='-v' '-o' 'CMakeFiles/cmTC_27081.dir/CMakeCXXCompilerABI.cpp.o' '-c' '-mcpu=arm7tdmi' '-mfloat-abi=soft' '-marm' '-march=armv4t']
  ignore line: [[2/2] Linking CXX static library libcmTC_27081.a]
  ignore line: []
  ignore line: []
  implicit libs: []
  implicit objs: []
  implicit dirs: []
  implicit fwks: []


Checking whether the ASM compiler is GNU using "--version" matched "(GNU assembler)|(GCC)|(Free Software Foundation)":
arm-zephyr-eabi-gcc (Zephyr SDK 0.14.1) 10.3.0
Copyright (C) 2020 Free Software Foundation, Inc.
This is free software; see the source for copying conditions.  There is NO
warranty; not even for MERCHANTABILITY or FITNESS FOR A PARTICULAR PURPOSE.

