Drill report for PECDR.kicad_pcb
Created on sáb 04 nov 2023 19:46:57

Copper Layer Stackup:
    =============================================================
    L1 :  F.Cu                      front
    L2 :  In1.Cu                    in1
    L3 :  In2.Cu                    in2
    L4 :  B.Cu                      back


Drill file 'PECDR-PTH.drl' contains
    plated through holes:
    =============================================================
    T1  0,400mm  0,0157"  (201 holes)
    T2  0,500mm  0,0197"  (88 holes)
    T3  1,000mm  0,0394"  (20 holes)
    T4  1,190mm  0,0469"  (32 holes)
    T5  1,500mm  0,0591"  (2 holes)
    T6  3,200mm  0,1260"  (11 holes)

    Total plated holes count 354


Drill file 'PECDR-NPTH.drl' contains
    unplated through holes:
    =============================================================

    Total unplated holes count 0
